<?xml version="1.0" encoding="UTF-8"?>
<testsuite name="com.openclassrooms.tourguide.TestPerformance" tests="2" skipped="0" failures="0" errors="0" timestamp="2023-11-27T22:34:58" hostname="DESKTOP-5737TIR" time="1.256">
  <properties/>
  <testcase name="highVolumeTrackLocation()" classname="com.openclassrooms.tourguide.TestPerformance" time="0.208"/>
  <testcase name="highVolumeGetRewards()" classname="com.openclassrooms.tourguide.TestPerformance" time="1.047"/>
  <system-out><![CDATA[23:34:58.340 [Test worker] INFO com.openclassrooms.tourguide.service.TourGuideService -- TestMode enabled
highVolumeTrackLocation: Time Elapsed: 0 seconds.
23:34:58.501 [Test worker] INFO com.openclassrooms.tourguide.service.TourGuideService -- TestMode enabled
highVolumeGetRewards: Time Elapsed: 1 seconds.
]]></system-out>
  <system-err><![CDATA[]]></system-err>
</testsuite>
