<?xml version="1.0" encoding="UTF-8"?>
<testsuite name="com.openclassrooms.tourguide.TestRewardsService" tests="3" skipped="0" failures="0" errors="0" timestamp="2023-11-27T22:34:59" hostname="DESKTOP-5737TIR" time="10.474">
  <properties/>
  <testcase name="nearAllAttractions()" classname="com.openclassrooms.tourguide.TestRewardsService" time="9.732"/>
  <testcase name="userGetRewards()" classname="com.openclassrooms.tourguide.TestRewardsService" time="0.717"/>
  <testcase name="isWithinAttractionProximity()" classname="com.openclassrooms.tourguide.TestRewardsService" time="0.024"/>
  <system-out><![CDATA[23:34:59.552 [Test worker] INFO com.openclassrooms.tourguide.service.TourGuideService -- TestMode enabled
23:35:09.284 [Test worker] INFO com.openclassrooms.tourguide.service.TourGuideService -- TestMode enabled
]]></system-out>
  <system-err><![CDATA[]]></system-err>
</testsuite>
