<?xml version="1.0" encoding="UTF-8"?>
<testsuite name="com.openclassrooms.tourguide.TourguideApplicationTests" tests="1" skipped="0" failures="0" errors="0" timestamp="2023-11-16T00:09:38" hostname="DESKTOP-5737TIR" time="0.511">
  <properties/>
  <testcase name="contextLoads()" classname="com.openclassrooms.tourguide.TourguideApplicationTests" time="0.511"/>
  <system-out><![CDATA[01:09:37.424 [Test worker] INFO org.springframework.test.context.support.AnnotationConfigContextLoaderUtils -- Could not detect default configuration classes for test class [com.openclassrooms.tourguide.TourguideApplicationTests]: TourguideApplicationTests does not declare any static, non-private, non-final, nested classes annotated with @Configuration.
01:09:37.486 [Test worker] INFO org.springframework.boot.test.context.SpringBootTestContextBootstrapper -- Found @SpringBootConfiguration com.openclassrooms.tourguide.TourguideApplication for test class com.openclassrooms.tourguide.TourguideApplicationTests

  .   ____          _            __ _ _
 /\\ / ___'_ __ _ _(_)_ __  __ _ \ \ \ \
( ( )\___ | '_ | '_| | '_ \/ _` | \ \ \ \
 \\/  ___)| |_)| | | | | || (_| |  ) ) ) )
  '  |____| .__|_| |_|_| |_\__, | / / / /
 =========|_|==============|___/=/_/_/_/
 :: Spring Boot ::                (v3.1.1)

2023-11-16T01:09:37.723+01:00  INFO 1560 --- [    Test worker] c.o.tourguide.TourguideApplicationTests  : Starting TourguideApplicationTests using Java 17.0.7 with PID 1560 (started by mc386 in D:\IdeaProjects\JavaPathENProject8\TourGuide)
2023-11-16T01:09:37.724+01:00 DEBUG 1560 --- [    Test worker] c.o.tourguide.TourguideApplicationTests  : Running with Spring Boot v3.1.1, Spring v6.0.10
2023-11-16T01:09:37.724+01:00  INFO 1560 --- [    Test worker] c.o.tourguide.TourguideApplicationTests  : No active profile set, falling back to 1 default profile: "default"
2023-11-16T01:09:38.313+01:00  WARN 1560 --- [    Test worker] ocalVariableTableParameterNameDiscoverer : Using deprecated '-debug' fallback for parameter name resolution. Compile the affected code with '-parameters' instead or avoid its introspection: com.openclassrooms.tourguide.service.TourGuideService
2023-11-16T01:09:38.313+01:00  INFO 1560 --- [    Test worker] c.o.tourguide.service.TourGuideService   : TestMode enabled
2023-11-16T01:09:38.313+01:00 DEBUG 1560 --- [    Test worker] c.o.tourguide.service.TourGuideService   : Initializing users
2023-11-16T01:09:38.313+01:00 DEBUG 1560 --- [    Test worker] c.o.tourguide.service.TourGuideService   : Created 0 internal test users.
2023-11-16T01:09:38.313+01:00 DEBUG 1560 --- [    Test worker] c.o.tourguide.service.TourGuideService   : Finished initializing users
2023-11-16T01:09:38.314+01:00 DEBUG 1560 --- [ool-10-thread-1] c.o.tourguide.tracker.Tracker            : Begin Tracker. Tracking 0 users.
2023-11-16T01:09:38.314+01:00 DEBUG 1560 --- [ool-10-thread-1] c.o.tourguide.tracker.Tracker            : Tracker Time Elapsed: 0 seconds.
2023-11-16T01:09:38.314+01:00 DEBUG 1560 --- [ool-10-thread-1] c.o.tourguide.tracker.Tracker            : Tracker sleeping
2023-11-16T01:09:38.750+01:00  INFO 1560 --- [    Test worker] o.s.b.a.e.web.EndpointLinksResolver      : Exposing 1 endpoint(s) beneath base path '/actuator'
2023-11-16T01:09:38.789+01:00  INFO 1560 --- [    Test worker] c.o.tourguide.TourguideApplicationTests  : Started TourguideApplicationTests in 1.219 seconds (process running for 73.936)
]]></system-out>
  <system-err><![CDATA[]]></system-err>
</testsuite>
